# JRE version: OpenJDK Runtime Environment Temurin-21.0.7+6 (21.0.7+6) (build 21.0.7+6-LTS)
# Java VM: OpenJDK 64-Bit Server VM Temurin-21.0.7+6 (21.0.7+6-LTS, mixed mode, sharing, tiered, compressed oops, compressed class ptrs, parallel gc, windows-amd64)
GC Precious Log:
 CardTable entry size: 512
 CPUs: 8 total, 8 available
 Memory: 16167M
 Large Page Support: Disabled
 NUMA Support: Disabled
 Compressed Oops: Enabled (32-bit)
 Alignments: Space 512K, Generation 512K, Heap 2M
 Heap Min Capacity: 100M
 Heap Initial Capacity: 100M
 Heap Max Capacity: 1G
 Pre-touch: Disabled
 Parallel Workers: 8
Heap:
 PSYoungGen      total 37888K, used 12499K [0x00000000eab00000, 0x00000000ed900000, 0x0000000100000000)
  eden space 34816K, 28% used [0x00000000eab00000,0x00000000eb48da20,0x00000000ecd00000)
  from space 3072K, 88% used [0x00000000ed600000,0x00000000ed8a71f8,0x00000000ed900000)
  to   space 3072K, 0% used [0x00000000ed200000,0x00000000ed200000,0x00000000ed500000)
 ParOldGen       total 694272K, used 694110K [0x00000000c0000000, 0x00000000ea600000, 0x00000000eab00000)
  object space 694272K, 99% used [0x00000000c0000000,0x00000000ea5d7ab0,0x00000000ea600000)
 Metaspace       used 114211K, committed 116032K, reserved 1179648K
  class space    used 10724K, committed 11648K, reserved 1048576K
GC Heap History (20 events):
Event: 326539.813 GC heap before
{Heap before GC invocations=57775 (full 477):
 PSYoungGen      total 50688K, used 50201K [0x00000000eab00000, 0x00000000ee300000, 0x0000000100000000)
  eden space 48128K, 100% used [0x00000000eab00000,0x00000000eda00000,0x00000000eda00000)
  from space 2560K, 80% used [0x00000000ee080000,0x00000000ee286430,0x00000000ee300000)
  to   space 2560K, 0% used [0x00000000ede00000,0x00000000ede00000,0x00000000ee080000)
 ParOldGen       total 619520K, used 619038K [0x00000000c0000000, 0x00000000e5d00000, 0x00000000eab00000)
  object space 619520K, 99% used [0x00000000c0000000,0x00000000e5c87b50,0x00000000e5d00000)
 Metaspace       used 114202K, committed 116032K, reserved 1179648K
  class space    used 10724K, committed 11648K, reserved 1048576K
}
Event: 326539.827 GC heap after
{Heap after GC invocations=57775 (full 477):
 PSYoungGen      total 50176K, used 2536K [0x00000000eab00000, 0x00000000f0180000, 0x0000000100000000)
  eden space 47616K, 0% used [0x00000000eab00000,0x00000000eab00000,0x00000000ed980000)
  from space 2560K, 99% used [0x00000000ede00000,0x00000000ee07a168,0x00000000ee080000)
  to   space 20480K, 0% used [0x00000000eed80000,0x00000000eed80000,0x00000000f0180000)
 ParOldGen       total 634368K, used 633949K [0x00000000c0000000, 0x00000000e6b80000, 0x00000000eab00000)
  object space 634368K, 99% used [0x00000000c0000000,0x00000000e6b17748,0x00000000e6b80000)
 Metaspace       used 114202K, committed 116032K, reserved 1179648K
  class space    used 10724K, committed 11648K, reserved 1048576K
}
Event: 326540.164 GC heap before
{Heap before GC invocations=57776 (full 477):
 PSYoungGen      total 50176K, used 50152K [0x00000000eab00000, 0x00000000f0180000, 0x0000000100000000)
  eden space 47616K, 100% used [0x00000000eab00000,0x00000000ed980000,0x00000000ed980000)
  from space 2560K, 99% used [0x00000000ede00000,0x00000000ee07a168,0x00000000ee080000)
  to   space 20480K, 0% used [0x00000000eed80000,0x00000000eed80000,0x00000000f0180000)
 ParOldGen       total 634368K, used 633949K [0x00000000c0000000, 0x00000000e6b80000, 0x00000000eab00000)
  object space 634368K, 99% used [0x00000000c0000000,0x00000000e6b17748,0x00000000e6b80000)
 Metaspace       used 114202K, committed 116032K, reserved 1179648K
  class space    used 10724K, committed 11648K, reserved 1048576K
}
Event: 326540.184 GC heap after
{Heap after GC invocations=57776 (full 477):
 PSYoungGen      total 55296K, used 20452K [0x00000000eab00000, 0x00000000f1a00000, 0x0000000100000000)
  eden space 34816K, 0% used [0x00000000eab00000,0x00000000eab00000,0x00000000ecd00000)
  from space 20480K, 99% used [0x00000000eed80000,0x00000000f0179070,0x00000000f0180000)
  to   space 33280K, 0% used [0x00000000ecd00000,0x00000000ecd00000,0x00000000eed80000)
 ParOldGen       total 644096K, used 643723K [0x00000000c0000000, 0x00000000e7500000, 0x00000000eab00000)
  object space 644096K, 99% used [0x00000000c0000000,0x00000000e74a2c88,0x00000000e7500000)
 Metaspace       used 114202K, committed 116032K, reserved 1179648K
  class space    used 10724K, committed 11648K, reserved 1048576K
}
Event: 326540.226 GC heap before
{Heap before GC invocations=57777 (full 477):
 PSYoungGen      total 55296K, used 55268K [0x00000000eab00000, 0x00000000f1a00000, 0x0000000100000000)
  eden space 34816K, 100% used [0x00000000eab00000,0x00000000ecd00000,0x00000000ecd00000)
  from space 20480K, 99% used [0x00000000eed80000,0x00000000f0179070,0x00000000f0180000)
  to   space 33280K, 0% used [0x00000000ecd00000,0x00000000ecd00000,0x00000000eed80000)
 ParOldGen       total 644096K, used 643723K [0x00000000c0000000, 0x00000000e7500000, 0x00000000eab00000)
  object space 644096K, 99% used [0x00000000c0000000,0x00000000e74a2c88,0x00000000e7500000)
 Metaspace       used 114202K, committed 116032K, reserved 1179648K
  class space    used 10724K, committed 11648K, reserved 1048576K
}
Event: 326540.245 GC heap after
{Heap after GC invocations=57777 (full 477):
 PSYoungGen      total 42496K, used 7443K [0x00000000eab00000, 0x00000000eee00000, 0x0000000100000000)
  eden space 34816K, 0% used [0x00000000eab00000,0x00000000eab00000,0x00000000ecd00000)
  from space 7680K, 96% used [0x00000000ecd00000,0x00000000ed444fb8,0x00000000ed480000)
  to   space 15872K, 0% used [0x00000000ede80000,0x00000000ede80000,0x00000000eee00000)
 ParOldGen       total 664576K, used 664233K [0x00000000c0000000, 0x00000000e8900000, 0x00000000eab00000)
  object space 664576K, 99% used [0x00000000c0000000,0x00000000e88aa768,0x00000000e8900000)
 Metaspace       used 114202K, committed 116032K, reserved 1179648K
  class space    used 10724K, committed 11648K, reserved 1048576K
}
Event: 326540.278 GC heap before
{Heap before GC invocations=57778 (full 477):
 PSYoungGen      total 42496K, used 42259K [0x00000000eab00000, 0x00000000eee00000, 0x0000000100000000)
  eden space 34816K, 100% used [0x00000000eab00000,0x00000000ecd00000,0x00000000ecd00000)
  from space 7680K, 96% used [0x00000000ecd00000,0x00000000ed444fb8,0x00000000ed480000)
  to   space 15872K, 0% used [0x00000000ede80000,0x00000000ede80000,0x00000000eee00000)
 ParOldGen       total 664576K, used 664233K [0x00000000c0000000, 0x00000000e8900000, 0x00000000eab00000)
  object space 664576K, 99% used [0x00000000c0000000,0x00000000e88aa768,0x00000000e8900000)
 Metaspace       used 114202K, committed 116032K, reserved 1179648K
  class space    used 10724K, committed 11648K, reserved 1048576K
}
Event: 326540.283 GC heap after
{Heap after GC invocations=57778 (full 477):
 PSYoungGen      total 39936K, used 4930K [0x00000000eab00000, 0x00000000ee380000, 0x0000000100000000)
  eden space 34816K, 0% used [0x00000000eab00000,0x00000000eab00000,0x00000000ecd00000)
  from space 5120K, 96% used [0x00000000ede80000,0x00000000ee350b80,0x00000000ee380000)
  to   space 7680K, 0% used [0x00000000ed480000,0x00000000ed480000,0x00000000edc00000)
 ParOldGen       total 671744K, used 671479K [0x00000000c0000000, 0x00000000e9000000, 0x00000000eab00000)
  object space 671744K, 99% used [0x00000000c0000000,0x00000000e8fbde70,0x00000000e9000000)
 Metaspace       used 114202K, committed 116032K, reserved 1179648K
  class space    used 10724K, committed 11648K, reserved 1048576K
}
Event: 326540.330 GC heap before
{Heap before GC invocations=57779 (full 477):
 PSYoungGen      total 39936K, used 39746K [0x00000000eab00000, 0x00000000ee380000, 0x0000000100000000)
  eden space 34816K, 100% used [0x00000000eab00000,0x00000000ecd00000,0x00000000ecd00000)
  from space 5120K, 96% used [0x00000000ede80000,0x00000000ee350b80,0x00000000ee380000)
  to   space 7680K, 0% used [0x00000000ed480000,0x00000000ed480000,0x00000000edc00000)
 ParOldGen       total 671744K, used 671479K [0x00000000c0000000, 0x00000000e9000000, 0x00000000eab00000)
  object space 671744K, 99% used [0x00000000c0000000,0x00000000e8fbde70,0x00000000e9000000)
 Metaspace       used 114204K, committed 116032K, reserved 1179648K
  class space    used 10724K, committed 11648K, reserved 1048576K
}
Event: 326540.337 GC heap after
{Heap after GC invocations=57779 (full 477):
 PSYoungGen      total 40448K, used 5471K [0x00000000eab00000, 0x00000000edf00000, 0x0000000100000000)
  eden space 34816K, 0% used [0x00000000eab00000,0x00000000eab00000,0x00000000ecd00000)
  from space 5632K, 97% used [0x00000000ed480000,0x00000000ed9d7e48,0x00000000eda00000)
  to   space 5120K, 0% used [0x00000000eda00000,0x00000000eda00000,0x00000000edf00000)
 ParOldGen       total 676352K, used 676261K [0x00000000c0000000, 0x00000000e9480000, 0x00000000eab00000)
  object space 676352K, 99% used [0x00000000c0000000,0x00000000e94696f0,0x00000000e9480000)
 Metaspace       used 114204K, committed 116032K, reserved 1179648K
  class space    used 10724K, committed 11648K, reserved 1048576K
}
Event: 326540.375 GC heap before
{Heap before GC invocations=57780 (full 477):
 PSYoungGen      total 40448K, used 40287K [0x00000000eab00000, 0x00000000edf00000, 0x0000000100000000)
  eden space 34816K, 100% used [0x00000000eab00000,0x00000000ecd00000,0x00000000ecd00000)
  from space 5632K, 97% used [0x00000000ed480000,0x00000000ed9d7e48,0x00000000eda00000)
  to   space 5120K, 0% used [0x00000000eda00000,0x00000000eda00000,0x00000000edf00000)
 ParOldGen       total 676352K, used 676261K [0x00000000c0000000, 0x00000000e9480000, 0x00000000eab00000)
  object space 676352K, 99% used [0x00000000c0000000,0x00000000e94696f0,0x00000000e9480000)
 Metaspace       used 114204K, committed 116032K, reserved 1179648K
  class space    used 10724K, committed 11648K, reserved 1048576K
}
Event: 326540.380 GC heap after
{Heap after GC invocations=57780 (full 477):
 PSYoungGen      total 38400K, used 3330K [0x00000000eab00000, 0x00000000edd80000, 0x0000000100000000)
  eden space 34816K, 0% used [0x00000000eab00000,0x00000000eab00000,0x00000000ecd00000)
  from space 3584K, 92% used [0x00000000eda00000,0x00000000edd40890,0x00000000edd80000)
  to   space 4608K, 0% used [0x00000000ed480000,0x00000000ed480000,0x00000000ed900000)
 ParOldGen       total 681472K, used 681343K [0x00000000c0000000, 0x00000000e9980000, 0x00000000eab00000)
  object space 681472K, 99% used [0x00000000c0000000,0x00000000e995ffd8,0x00000000e9980000)
 Metaspace       used 114204K, committed 116032K, reserved 1179648K
  class space    used 10724K, committed 11648K, reserved 1048576K
}
Event: 326540.416 GC heap before
{Heap before GC invocations=57781 (full 477):
 PSYoungGen      total 38400K, used 38146K [0x00000000eab00000, 0x00000000edd80000, 0x0000000100000000)
  eden space 34816K, 100% used [0x00000000eab00000,0x00000000ecd00000,0x00000000ecd00000)
  from space 3584K, 92% used [0x00000000eda00000,0x00000000edd40890,0x00000000edd80000)
  to   space 4608K, 0% used [0x00000000ed480000,0x00000000ed480000,0x00000000ed900000)
 ParOldGen       total 681472K, used 681343K [0x00000000c0000000, 0x00000000e9980000, 0x00000000eab00000)
  object space 681472K, 99% used [0x00000000c0000000,0x00000000e995ffd8,0x00000000e9980000)
 Metaspace       used 114204K, committed 116032K, reserved 1179648K
  class space    used 10724K, committed 11648K, reserved 1048576K
}
Event: 326540.425 GC heap after
{Heap after GC invocations=57781 (full 477):
 PSYoungGen      total 39424K, used 4585K [0x00000000eab00000, 0x00000000ede00000, 0x0000000100000000)
  eden space 34816K, 0% used [0x00000000eab00000,0x00000000eab00000,0x00000000ecd00000)
  from space 4608K, 99% used [0x00000000ed480000,0x00000000ed8fa470,0x00000000ed900000)
  to   space 5120K, 0% used [0x00000000ed900000,0x00000000ed900000,0x00000000ede00000)
 ParOldGen       total 684544K, used 684508K [0x00000000c0000000, 0x00000000e9c80000, 0x00000000eab00000)
  object space 684544K, 99% used [0x00000000c0000000,0x00000000e9c77058,0x00000000e9c80000)
 Metaspace       used 114204K, committed 116032K, reserved 1179648K
  class space    used 10724K, committed 11648K, reserved 1048576K
}
Event: 326540.482 GC heap before
{Heap before GC invocations=57782 (full 477):
 PSYoungGen      total 39424K, used 39401K [0x00000000eab00000, 0x00000000ede00000, 0x0000000100000000)
  eden space 34816K, 100% used [0x00000000eab00000,0x00000000ecd00000,0x00000000ecd00000)
  from space 4608K, 99% used [0x00000000ed480000,0x00000000ed8fa470,0x00000000ed900000)
  to   space 5120K, 0% used [0x00000000ed900000,0x00000000ed900000,0x00000000ede00000)
 ParOldGen       total 684544K, used 684508K [0x00000000c0000000, 0x00000000e9c80000, 0x00000000eab00000)
  object space 684544K, 99% used [0x00000000c0000000,0x00000000e9c77058,0x00000000e9c80000)
 Metaspace       used 114210K, committed 116032K, reserved 1179648K
  class space    used 10724K, committed 11648K, reserved 1048576K
}
Event: 326540.489 GC heap after
{Heap after GC invocations=57782 (full 477):
 PSYoungGen      total 38912K, used 3849K [0x00000000eab00000, 0x00000000edd00000, 0x0000000100000000)
  eden space 34816K, 0% used [0x00000000eab00000,0x00000000eab00000,0x00000000ecd00000)
  from space 4096K, 93% used [0x00000000ed900000,0x00000000edcc2470,0x00000000edd00000)
  to   space 5632K, 0% used [0x00000000ed200000,0x00000000ed200000,0x00000000ed780000)
 ParOldGen       total 689152K, used 689052K [0x00000000c0000000, 0x00000000ea100000, 0x00000000eab00000)
  object space 689152K, 99% used [0x00000000c0000000,0x00000000ea0e73f0,0x00000000ea100000)
 Metaspace       used 114210K, committed 116032K, reserved 1179648K
  class space    used 10724K, committed 11648K, reserved 1048576K
}
Event: 326540.658 GC heap before
{Heap before GC invocations=57783 (full 477):
 PSYoungGen      total 38912K, used 38665K [0x00000000eab00000, 0x00000000edd00000, 0x0000000100000000)
  eden space 34816K, 100% used [0x00000000eab00000,0x00000000ecd00000,0x00000000ecd00000)
  from space 4096K, 93% used [0x00000000ed900000,0x00000000edcc2470,0x00000000edd00000)
  to   space 5632K, 0% used [0x00000000ed200000,0x00000000ed200000,0x00000000ed780000)
 ParOldGen       total 689152K, used 689052K [0x00000000c0000000, 0x00000000ea100000, 0x00000000eab00000)
  object space 689152K, 99% used [0x00000000c0000000,0x00000000ea0e73f0,0x00000000ea100000)
 Metaspace       used 114211K, committed 116032K, reserved 1179648K
  class space    used 10724K, committed 11648K, reserved 1048576K
}
Event: 326540.664 GC heap after
{Heap after GC invocations=57783 (full 477):
 PSYoungGen      total 37888K, used 2930K [0x00000000eab00000, 0x00000000ed980000, 0x0000000100000000)
  eden space 34816K, 0% used [0x00000000eab00000,0x00000000eab00000,0x00000000ecd00000)
  from space 3072K, 95% used [0x00000000ed200000,0x00000000ed4dc810,0x00000000ed500000)
  to   space 3584K, 0% used [0x00000000ed600000,0x00000000ed600000,0x00000000ed980000)
 ParOldGen       total 691712K, used 691320K [0x00000000c0000000, 0x00000000ea380000, 0x00000000eab00000)
  object space 691712K, 99% used [0x00000000c0000000,0x00000000ea31e3a0,0x00000000ea380000)
 Metaspace       used 114211K, committed 116032K, reserved 1179648K
  class space    used 10724K, committed 11648K, reserved 1048576K
}
Event: 326540.798 GC heap before
{Heap before GC invocations=57784 (full 477):
 PSYoungGen      total 37888K, used 37746K [0x00000000eab00000, 0x00000000ed980000, 0x0000000100000000)
  eden space 34816K, 100% used [0x00000000eab00000,0x00000000ecd00000,0x00000000ecd00000)
  from space 3072K, 95% used [0x00000000ed200000,0x00000000ed4dc810,0x00000000ed500000)
  to   space 3584K, 0% used [0x00000000ed600000,0x00000000ed600000,0x00000000ed980000)
 ParOldGen       total 691712K, used 691320K [0x00000000c0000000, 0x00000000ea380000, 0x00000000eab00000)
  object space 691712K, 99% used [0x00000000c0000000,0x00000000ea31e3a0,0x00000000ea380000)
 Metaspace       used 114211K, committed 116032K, reserved 1179648K
  class space    used 10724K, committed 11648K, reserved 1048576K
}
Event: 326540.805 GC heap after
{Heap after GC invocations=57784 (full 477):
 PSYoungGen      total 37888K, used 2716K [0x00000000eab00000, 0x00000000ed900000, 0x0000000100000000)
  eden space 34816K, 0% used [0x00000000eab00000,0x00000000eab00000,0x00000000ecd00000)
  from space 3072K, 88% used [0x00000000ed600000,0x00000000ed8a71f8,0x00000000ed900000)
  to   space 3072K, 0% used [0x00000000ed200000,0x00000000ed200000,0x00000000ed500000)
 ParOldGen       total 694272K, used 694110K [0x00000000c0000000, 0x00000000ea600000, 0x00000000eab00000)
  object space 694272K, 99% used [0x00000000c0000000,0x00000000ea5d7ab0,0x00000000ea600000)
 Metaspace       used 114211K, committed 116032K, reserved 1179648K
  class space    used 10724K, committed 11648K, reserved 1048576K
}

